<?xml version="1.0" encoding="utf-8"?><testsuites name="pytest tests"><testsuite name="pytest" errors="0" failures="0" skipped="0" tests="29" time="7.581" timestamp="2026-08-27T16:29:06.823147+00:00" hostname="agent-env-d01df974-3c0a-4212-9916-52f9a5783cf4"><testcase classname="tests.test_returnride_api.TestAuth" name="test_register_passenger" time="0.415" /><testcase classname="tests.test_returnride_api.TestAuth" name="test_register_driver" time="0.395" /><testcase classname="tests.test_returnride_api.TestAuth" name="test_register_duplicate_returns_409" time="0.145" /><testcase classname="tests.test_returnride_api.TestAuth" name="test_login_success" time="0.475" /><testcase classname="tests.test_returnride_api.TestAuth" name="test_login_wrong_password_401" time="0.351" /><testcase classname="tests.test_returnride_api.TestAuth" name="test_me_with_token" time="0.176" /><testcase classname="tests.test_returnride_api.TestAuth" name="test_me_without_token_401" time="0.160" /><testcase classname="tests.test_returnride_api.TestAuth" name="test_demo_driver_login" time="0.383" /><testcase classname="tests.test_returnride_api.TestVillages" name="test_list_villages_returns_seed" time="0.266" /><testcase classname="tests.test_returnride_api.TestMatching" name="test_match_hubballi_kalghatgi" time="0.424" /><testcase classname="tests.test_returnride_api.TestMatching" name="test_match_exact_scores_highest" time="0.170" /><testcase classname="tests.test_returnride_api.TestMatching" name="test_match_invalid_village" time="0.157" /><testcase classname="tests.test_returnride_api.TestPublishRide" name="test_passenger_cannot_publish_403" time="0.125" /><testcase classname="tests.test_returnride_api.TestPublishRide" name="test_driver_publishes_ride" time="0.149" /><testcase classname="tests.test_returnride_api.TestBookingLifecycle" name="test_passenger_books_demo_ride" time="0.178" /><testcase classname="tests.test_returnride_api.TestBookingLifecycle" name="test_driver_cannot_book_403" time="0.149" /><testcase classname="tests.test_returnride_api.TestBookingLifecycle" name="test_bookings_mine_passenger" time="0.192" /><testcase classname="tests.test_returnride_api.TestBookingLifecycle" name="test_bookings_mine_driver" time="0.150" /><testcase classname="tests.test_returnride_api.TestBookingLifecycle" name="test_get_booking_by_id" time="0.140" /><testcase classname="tests.test_returnride_api.TestBookingLifecycle" name="test_passenger_cannot_accept_403" time="0.153" /><testcase classname="tests.test_returnride_api.TestBookingLifecycle" name="test_driver_accepts_and_seat_decrements" time="0.516" /><testcase classname="tests.test_returnride_api.TestBookingLifecycle" name="test_invalid_transition_returns_400" time="0.161" /><testcase classname="tests.test_returnride_api.TestBookingLifecycle" name="test_lifecycle_progress" time="0.481" /><testcase classname="tests.test_returnride_api.TestSecondBookingForPayCancelRate" name="test_book_and_cancel_by_passenger" time="0.480" /><testcase classname="tests.test_returnride_api.TestSecondBookingForPayCancelRate" name="test_payment_demo_marks_paid" time="0.488" /><testcase classname="tests.test_returnride_api.TestRatings" name="test_rating_on_completed" time="0.156" /><testcase classname="tests.test_returnride_api.TestRatings" name="test_rating_on_incomplete_400" time="0.143" /><testcase classname="tests.test_returnride_api.TestStats" name="test_stats_passenger" time="0.197" /><testcase classname="tests.test_returnride_api.TestStats" name="test_stats_driver" time="0.157" /></testsuite></testsuites>