<?xml version="1.0" encoding="utf-8"?><testsuites name="pytest tests"><testsuite name="pytest" errors="0" failures="1" skipped="0" tests="43" time="13.557" timestamp="2026-08-27T16:56:15.203520+00:00" hostname="agent-env-d01df974-3c0a-4212-9916-52f9a5783cf4"><testcase classname="tests.test_iteration2_features.TestPaymentsConfig" name="test_config_reports_demo_when_keys_absent" time="0.221" /><testcase classname="tests.test_iteration2_features.TestPaymentsConfig" name="test_order_returns_400_when_not_configured" time="0.829" /><testcase classname="tests.test_iteration2_features.TestPaymentsConfig" name="test_verify_returns_400_when_not_configured" time="0.173" /><testcase classname="tests.test_iteration2_features.TestPaymentsConfig" name="test_demo_payment_still_works" time="0.391" /><testcase classname="tests.test_iteration2_features.TestPoolingAndAdvanceAndLocation" name="test_setup_first_rider_accepted" time="1.136" /><testcase classname="tests.test_iteration2_features.TestPoolingAndAdvanceAndLocation" name="test_match_shows_shared_and_pool_fare" time="0.182" /><testcase classname="tests.test_iteration2_features.TestPoolingAndAdvanceAndLocation" name="test_second_rider_gets_pool_discount" time="0.641" /><testcase classname="tests.test_iteration2_features.TestPoolingAndAdvanceAndLocation" name="test_want_pool_false_skips_discount" time="0.591" /><testcase classname="tests.test_iteration2_features.TestPoolingAndAdvanceAndLocation" name="test_pool_roster_accessible_to_participant" time="0.195" /><testcase classname="tests.test_iteration2_features.TestPoolingAndAdvanceAndLocation" name="test_pool_roster_accessible_to_driver" time="0.210" /><testcase classname="tests.test_iteration2_features.TestPoolingAndAdvanceAndLocation" name="test_pool_roster_forbidden_for_non_participant" time="0.452" /><testcase classname="tests.test_iteration2_features.TestPoolingAndAdvanceAndLocation" name="test_location_update_by_driver_succeeds" time="0.356" /><testcase classname="tests.test_iteration2_features.TestPoolingAndAdvanceAndLocation" name="test_location_update_by_passenger_forbidden" time="0.426" /><testcase classname="tests.test_iteration2_features.TestPoolingAndAdvanceAndLocation" name="test_advance_booking_matches_within_flex" time="0.173" /><testcase classname="tests.test_returnride_api.TestAuth" name="test_register_passenger" time="0.394" /><testcase classname="tests.test_returnride_api.TestAuth" name="test_register_driver" time="0.401" /><testcase classname="tests.test_returnride_api.TestAuth" name="test_register_duplicate_returns_409" time="0.146" /><testcase classname="tests.test_returnride_api.TestAuth" name="test_login_success" time="0.433" /><testcase classname="tests.test_returnride_api.TestAuth" name="test_login_wrong_password_401" time="0.401" /><testcase classname="tests.test_returnride_api.TestAuth" name="test_me_with_token" time="0.243" /><testcase classname="tests.test_returnride_api.TestAuth" name="test_me_without_token_401" time="0.171" /><testcase classname="tests.test_returnride_api.TestAuth" name="test_demo_driver_login" time="0.393" /><testcase classname="tests.test_returnride_api.TestVillages" name="test_list_villages_returns_seed" time="0.180" /><testcase classname="tests.test_returnride_api.TestMatching" name="test_match_hubballi_kalghatgi" time="0.150" /><testcase classname="tests.test_returnride_api.TestMatching" name="test_match_exact_scores_highest" time="0.222" /><testcase classname="tests.test_returnride_api.TestMatching" name="test_match_invalid_village" time="0.170" /><testcase classname="tests.test_returnride_api.TestPublishRide" name="test_passenger_cannot_publish_403" time="0.155" /><testcase classname="tests.test_returnride_api.TestPublishRide" name="test_driver_publishes_ride" time="0.197" /><testcase classname="tests.test_returnride_api.TestBookingLifecycle" name="test_passenger_books_demo_ride" time="0.197" /><testcase classname="tests.test_returnride_api.TestBookingLifecycle" name="test_driver_cannot_book_403" time="0.244" /><testcase classname="tests.test_returnride_api.TestBookingLifecycle" name="test_bookings_mine_passenger" time="0.191" /><testcase classname="tests.test_returnride_api.TestBookingLifecycle" name="test_bookings_mine_driver" time="0.128" /><testcase classname="tests.test_returnride_api.TestBookingLifecycle" name="test_get_booking_by_id" time="0.303" /><testcase classname="tests.test_returnride_api.TestBookingLifecycle" name="test_passenger_cannot_accept_403" time="0.131" /><testcase classname="tests.test_returnride_api.TestBookingLifecycle" name="test_driver_accepts_and_seat_decrements" time="0.487" /><testcase classname="tests.test_returnride_api.TestBookingLifecycle" name="test_invalid_transition_returns_400" time="0.134" /><testcase classname="tests.test_returnride_api.TestBookingLifecycle" name="test_lifecycle_progress" time="0.436"><failure message="AssertionError: assert 'pending' == 'paid'&#10;  &#10;  - paid&#10;  + pending">backend/tests/test_returnride_api.py:283: in test_lifecycle_progress
    assert r.json()["payment_status"] == "paid"
E   AssertionError: assert 'pending' == 'paid'
E     
E     - paid
E     + pending</failure></testcase><testcase classname="tests.test_returnride_api.TestSecondBookingForPayCancelRate" name="test_book_and_cancel_by_passenger" time="0.432" /><testcase classname="tests.test_returnride_api.TestSecondBookingForPayCancelRate" name="test_payment_demo_marks_paid" time="0.427" /><testcase classname="tests.test_returnride_api.TestRatings" name="test_rating_on_completed" time="0.153" /><testcase classname="tests.test_returnride_api.TestRatings" name="test_rating_on_incomplete_400" time="0.202" /><testcase classname="tests.test_returnride_api.TestStats" name="test_stats_passenger" time="0.169" /><testcase classname="tests.test_returnride_api.TestStats" name="test_stats_driver" time="0.185" /></testsuite></testsuites>