<?xml version="1.0" encoding="utf-8"?><testsuites name="pytest tests"><testsuite name="pytest" errors="0" failures="1" skipped="0" tests="14" time="5.916" timestamp="2026-08-27T16:55:58.324701+00:00" hostname="agent-env-d01df974-3c0a-4212-9916-52f9a5783cf4"><testcase classname="tests.test_iteration2_features.TestPaymentsConfig" name="test_config_reports_demo_when_keys_absent" time="0.300" /><testcase classname="tests.test_iteration2_features.TestPaymentsConfig" name="test_order_returns_400_when_not_configured" time="0.895" /><testcase classname="tests.test_iteration2_features.TestPaymentsConfig" name="test_verify_returns_400_when_not_configured" time="0.196" /><testcase classname="tests.test_iteration2_features.TestPaymentsConfig" name="test_demo_payment_still_works" time="0.333" /><testcase classname="tests.test_iteration2_features.TestPoolingAndAdvanceAndLocation" name="test_setup_first_rider_accepted" time="1.132" /><testcase classname="tests.test_iteration2_features.TestPoolingAndAdvanceAndLocation" name="test_match_shows_shared_and_pool_fare" time="0.210" /><testcase classname="tests.test_iteration2_features.TestPoolingAndAdvanceAndLocation" name="test_second_rider_gets_pool_discount" time="0.634"><failure message="TypeError: '&lt;' not supported between instances of 'int' and 'str'">backend/tests/test_iteration2_features.py:190: in test_second_rider_gets_pool_discount
    assert b2["fare"] &lt; pytest.itr2_p1["booking_id"] or True  # sanity: not blocked
           ^^^^^^^^^^^^^^^^^^^^^^^^^^^^^^^^^^^^^^^^^
E   TypeError: '&lt;' not supported between instances of 'int' and 'str'</failure></testcase><testcase classname="tests.test_iteration2_features.TestPoolingAndAdvanceAndLocation" name="test_want_pool_false_skips_discount" time="0.491" /><testcase classname="tests.test_iteration2_features.TestPoolingAndAdvanceAndLocation" name="test_pool_roster_accessible_to_participant" time="0.187" /><testcase classname="tests.test_iteration2_features.TestPoolingAndAdvanceAndLocation" name="test_pool_roster_accessible_to_driver" time="0.173" /><testcase classname="tests.test_iteration2_features.TestPoolingAndAdvanceAndLocation" name="test_pool_roster_forbidden_for_non_participant" time="0.528" /><testcase classname="tests.test_iteration2_features.TestPoolingAndAdvanceAndLocation" name="test_location_update_by_driver_succeeds" time="0.422" /><testcase classname="tests.test_iteration2_features.TestPoolingAndAdvanceAndLocation" name="test_location_update_by_passenger_forbidden" time="0.188" /><testcase classname="tests.test_iteration2_features.TestPoolingAndAdvanceAndLocation" name="test_advance_booking_matches_within_flex" time="0.160" /></testsuite></testsuites>